[debug] [2024-12-06T07:42:17.314Z] ----------------------------------------------------------------------
[debug] [2024-12-06T07:42:17.334Z] Command:       C:\Program Files\nodejs\node.exe C:\Users\ajayf\AppData\Roaming\npm\node_modules\firebase-tools\lib\bin\firebase.js init
[debug] [2024-12-06T07:42:17.334Z] CLI Version:   13.28.0
[debug] [2024-12-06T07:42:17.335Z] Platform:      win32
[debug] [2024-12-06T07:42:17.335Z] Node Version:  v20.11.1
[debug] [2024-12-06T07:42:17.335Z] Time:          Fri Dec 06 2024 13:12:17 GMT+0530 (India Standard Time)
[debug] [2024-12-06T07:42:17.336Z] ----------------------------------------------------------------------
[debug] 
[debug] [2024-12-06T07:42:17.348Z] > command requires scopes: ["email","openid","https://www.googleapis.com/auth/cloudplatformprojects.readonly","https://www.googleapis.com/auth/firebase","https://www.googleapis.com/auth/cloud-platform"]
[debug] [2024-12-06T07:42:17.349Z] > authorizing via signed-in user (ajayforall51@gmail.com)
[info] 
     ######## #### ########  ######## ########     ###     ######  ########
     ##        ##  ##     ## ##       ##     ##  ##   ##  ##       ##
     ######    ##  ########  ######   ########  #########  ######  ######
     ##        ##  ##    ##  ##       ##     ## ##     ##       ## ##
     ##       #### ##     ## ######## ########  ##     ##  ######  ########

You're about to initialize a Firebase project in this directory:

  D:\project-overman

[info] 
=== Project Setup
[info] 
[info] First, let's associate this project directory with a Firebase project.
[info] You can create multiple project aliases by running firebase use --add, 
[info] but for now we'll just set up a default project.
[info] 
[debug] [2024-12-06T07:42:37.318Z] Checked if tokens are valid: true, expires at: 1733474103006
[debug] [2024-12-06T07:42:37.318Z] Checked if tokens are valid: true, expires at: 1733474103006
[debug] [2024-12-06T07:42:37.322Z] >>> [apiv2][query] GET https://firebase.googleapis.com/v1beta1/projects pageSize=100
[debug] [2024-12-06T07:42:38.103Z] <<< [apiv2][status] GET https://firebase.googleapis.com/v1beta1/projects 200
[debug] [2024-12-06T07:42:38.103Z] <<< [apiv2][body] GET https://firebase.googleapis.com/v1beta1/projects [omitted]
[info] i  Using project project-overman-ee773 (Project-overman) 
[info] 
=== Dataconnect Setup
[debug] [2024-12-06T07:42:39.424Z] Checked if tokens are valid: true, expires at: 1733474103006
[debug] [2024-12-06T07:42:39.424Z] Checked if tokens are valid: true, expires at: 1733474103006
[debug] [2024-12-06T07:42:39.425Z] >>> [apiv2][query] GET https://cloudbilling.googleapis.com/v1/projects/project-overman-ee773/billingInfo [none]
[debug] [2024-12-06T07:42:40.873Z] <<< [apiv2][status] GET https://cloudbilling.googleapis.com/v1/projects/project-overman-ee773/billingInfo 200
[debug] [2024-12-06T07:42:40.874Z] <<< [apiv2][body] GET https://cloudbilling.googleapis.com/v1/projects/project-overman-ee773/billingInfo {"name":"projects/project-overman-ee773/billingInfo","projectId":"project-overman-ee773","billingAccountName":"","billingEnabled":false}
[info] i  dataconnect: ensuring required API sqladmin.googleapis.com is enabled... 
[debug] [2024-12-06T07:42:40.875Z] Checked if tokens are valid: true, expires at: 1733474103006
[debug] [2024-12-06T07:42:40.875Z] Checked if tokens are valid: true, expires at: 1733474103006
[debug] [2024-12-06T07:42:40.876Z] >>> [apiv2][query] GET https://serviceusage.googleapis.com/v1/projects/project-overman-ee773/services/sqladmin.googleapis.com [none]
[debug] [2024-12-06T07:42:40.876Z] >>> [apiv2][(partial)header] GET https://serviceusage.googleapis.com/v1/projects/project-overman-ee773/services/sqladmin.googleapis.com x-goog-quota-user=projects/project-overman-ee773
[debug] [2024-12-06T07:42:42.818Z] <<< [apiv2][status] GET https://serviceusage.googleapis.com/v1/projects/project-overman-ee773/services/sqladmin.googleapis.com 200
[debug] [2024-12-06T07:42:42.818Z] <<< [apiv2][body] GET https://serviceusage.googleapis.com/v1/projects/project-overman-ee773/services/sqladmin.googleapis.com [omitted]
[info] +  dataconnect: required API sqladmin.googleapis.com is enabled 
[info] i  dataconnect\dataconnect.yaml is unchanged 
[info] i  dataconnect\schema\schema.gql is unchanged 
[info] +  Wrote dataconnect\connector\connector.yaml 
[info] i  dataconnect\connector\queries.gql is unchanged 
[info] i  dataconnect\connector\mutations.gql is unchanged 
[info] +  Detected WEB app in directory D:\project-overman 
[info] i  Wrote new config to D:\project-overman\dataconnect\connector/connector.yaml 
[info] I1206 13:12:54.923280    2612 codegen.go:82] [connector "default" javascriptSdk] Generating sources into "D:\\project-overman\\dataconnect-generated\\js\\default-connector"
I1206 13:12:54.928857    2612 generate.go:40] Generated all sources. Writing them to disk...
I1206 13:12:54.930565    2612 collector.go:107] connector "default" javascriptSdk wrote into "D:\\project-overman\\dataconnect-generated\\js\\default-connector"
Generated sources: esm\package.json [17B] index.cjs.js [229B] package.json [634B] index.d.ts [264B] esm\index.esm.js [188B] 
I1206 13:12:54.942177    2612 installsdk.go:76] Running command: C:\Program Files\nodejs\npm.cmd install file:dataconnect-generated\js\default-connector

[info] i  Generated SDK code for default 
[info] +  If you'd like to add more generated SDKs to your app your later, run firebase init dataconnect:sdk again 
[info] i  If you'd like to provision a CloudSQL Postgres instance on the Firebase Data Connect no-cost trial:
1. Please upgrade to the pay-as-you-go (Blaze) billing plan. Visit the following page:
     https://console.firebase.google.com/project/project-overman-ee773/usage/details
2. Run firebase init dataconnect again to configure the Cloud SQL instance.
3. Run firebase deploy --only dataconnect to deploy your Data Connect service. 
[info] 
=== Firestore Setup
[debug] [2024-12-06T07:43:01.531Z] Checked if tokens are valid: true, expires at: 1733474103006
[debug] [2024-12-06T07:43:01.531Z] Checked if tokens are valid: true, expires at: 1733474103006
[debug] [2024-12-06T07:43:01.532Z] >>> [apiv2][query] GET https://serviceusage.googleapis.com/v1/projects/project-overman-ee773/services/firestore.googleapis.com [none]
[debug] [2024-12-06T07:43:01.532Z] >>> [apiv2][(partial)header] GET https://serviceusage.googleapis.com/v1/projects/project-overman-ee773/services/firestore.googleapis.com x-goog-quota-user=projects/project-overman-ee773
[debug] [2024-12-06T07:43:03.472Z] <<< [apiv2][status] GET https://serviceusage.googleapis.com/v1/projects/project-overman-ee773/services/firestore.googleapis.com 200
[debug] [2024-12-06T07:43:03.473Z] <<< [apiv2][body] GET https://serviceusage.googleapis.com/v1/projects/project-overman-ee773/services/firestore.googleapis.com [omitted]
[debug] [2024-12-06T07:43:03.474Z] Checked if tokens are valid: true, expires at: 1733474103006
[debug] [2024-12-06T07:43:03.475Z] Checked if tokens are valid: true, expires at: 1733474103006
[debug] [2024-12-06T07:43:03.476Z] >>> [apiv2][query] GET https://firestore.googleapis.com/v1/projects/project-overman-ee773/databases/(default) [none]
[debug] [2024-12-06T07:43:04.022Z] <<< [apiv2][status] GET https://firestore.googleapis.com/v1/projects/project-overman-ee773/databases/(default) 200
[debug] [2024-12-06T07:43:04.023Z] <<< [apiv2][body] GET https://firestore.googleapis.com/v1/projects/project-overman-ee773/databases/(default) {"name":"projects/project-overman-ee773/databases/(default)","uid":"8f524ad3-7f1c-481d-a1cb-763bb2bd2207","createTime":"2024-12-06T07:41:36.239041Z","updateTime":"2024-12-06T07:41:36.239041Z","locationId":"asia-south1","type":"FIRESTORE_NATIVE","concurrencyMode":"PESSIMISTIC","versionRetentionPeriod":"3600s","earliestVersionTime":"2024-12-06T07:41:36.239041Z","appEngineIntegrationMode":"DISABLED","keyPrefix":"j","pointInTimeRecoveryEnablement":"POINT_IN_TIME_RECOVERY_DISABLED","deleteProtectionState":"DELETE_PROTECTION_DISABLED","etag":"INbCwdLSkooDMMHj/qfSkooD"}
[debug] [2024-12-06T07:43:04.024Z] database_type: FIRESTORE_NATIVE
[debug] [2024-12-06T07:43:04.025Z] database_type: FIRESTORE_NATIVE
[debug] [2024-12-06T07:43:04.028Z] > command requires scopes: ["email","openid","https://www.googleapis.com/auth/cloudplatformprojects.readonly","https://www.googleapis.com/auth/firebase","https://www.googleapis.com/auth/cloud-platform"]
[debug] [2024-12-06T07:43:04.030Z] > authorizing via signed-in user (ajayforall51@gmail.com)
[debug] [2024-12-06T07:43:04.031Z] [iam] checking project project-overman-ee773 for permissions ["firebase.projects.get"]
[debug] [2024-12-06T07:43:04.035Z] Checked if tokens are valid: true, expires at: 1733474103006
[debug] [2024-12-06T07:43:04.037Z] Checked if tokens are valid: true, expires at: 1733474103006
[debug] [2024-12-06T07:43:04.039Z] >>> [apiv2][query] POST https://cloudresourcemanager.googleapis.com/v1/projects/project-overman-ee773:testIamPermissions [none]
[debug] [2024-12-06T07:43:04.040Z] >>> [apiv2][(partial)header] POST https://cloudresourcemanager.googleapis.com/v1/projects/project-overman-ee773:testIamPermissions x-goog-quota-user=projects/project-overman-ee773
[debug] [2024-12-06T07:43:04.041Z] >>> [apiv2][body] POST https://cloudresourcemanager.googleapis.com/v1/projects/project-overman-ee773:testIamPermissions {"permissions":["firebase.projects.get"]}
[debug] [2024-12-06T07:43:05.635Z] <<< [apiv2][status] POST https://cloudresourcemanager.googleapis.com/v1/projects/project-overman-ee773:testIamPermissions 200
[debug] [2024-12-06T07:43:05.636Z] <<< [apiv2][body] POST https://cloudresourcemanager.googleapis.com/v1/projects/project-overman-ee773:testIamPermissions {"permissions":["firebase.projects.get"]}
[info] 
[info] Firestore Security Rules allow you to define how and when to allow
[info] requests. You can keep these rules in your project directory
[info] and publish them with firebase deploy.
[info] 
[debug] [2024-12-06T07:44:10.526Z] Checked if tokens are valid: true, expires at: 1733474103006
[debug] [2024-12-06T07:44:10.526Z] Checked if tokens are valid: true, expires at: 1733474103006
[debug] [2024-12-06T07:44:10.527Z] >>> [apiv2][query] GET https://firebaserules.googleapis.com/v1/projects/project-overman-ee773/releases pageSize=10&pageToken=
[debug] [2024-12-06T07:44:12.080Z] <<< [apiv2][status] GET https://firebaserules.googleapis.com/v1/projects/project-overman-ee773/releases 200
[debug] [2024-12-06T07:44:12.080Z] <<< [apiv2][body] GET https://firebaserules.googleapis.com/v1/projects/project-overman-ee773/releases {"releases":[{"name":"projects/project-overman-ee773/releases/cloud.firestore","rulesetName":"projects/project-overman-ee773/rulesets/0804bda0-e92a-49c5-9022-1e59be835965","createTime":"2024-12-06T07:41:44.774405Z","updateTime":"2024-12-06T07:41:44.774405Z"}]}
[debug] [2024-12-06T07:44:12.080Z] Found ruleset: projects/project-overman-ee773/rulesets/0804bda0-e92a-49c5-9022-1e59be835965
[debug] [2024-12-06T07:44:12.081Z] Checked if tokens are valid: true, expires at: 1733474103006
[debug] [2024-12-06T07:44:12.081Z] Checked if tokens are valid: true, expires at: 1733474103006
[debug] [2024-12-06T07:44:12.081Z] >>> [apiv2][query] GET https://firebaserules.googleapis.com/v1/projects/project-overman-ee773/rulesets/0804bda0-e92a-49c5-9022-1e59be835965 [none]
[debug] [2024-12-06T07:44:12.656Z] <<< [apiv2][status] GET https://firebaserules.googleapis.com/v1/projects/project-overman-ee773/rulesets/0804bda0-e92a-49c5-9022-1e59be835965 200
[debug] [2024-12-06T07:44:12.656Z] <<< [apiv2][body] GET https://firebaserules.googleapis.com/v1/projects/project-overman-ee773/rulesets/0804bda0-e92a-49c5-9022-1e59be835965 [omitted]
[info] 
[info] Firestore indexes allow you to perform complex queries while
[info] maintaining performance that scales with the size of the result
[info] set. You can keep index definitions in your project directory
[info] and publish them with firebase deploy.
[info] 
[debug] [2024-12-06T07:44:16.087Z] Checked if tokens are valid: true, expires at: 1733474103006
[debug] [2024-12-06T07:44:16.087Z] Checked if tokens are valid: true, expires at: 1733474103006
[debug] [2024-12-06T07:44:16.087Z] Checked if tokens are valid: true, expires at: 1733474103006
[debug] [2024-12-06T07:44:16.087Z] Checked if tokens are valid: true, expires at: 1733474103006
[debug] [2024-12-06T07:44:16.088Z] >>> [apiv2][query] GET https://firestore.googleapis.com/v1/projects/project-overman-ee773/databases/(default)/collectionGroups/-/indexes [none]
[debug] [2024-12-06T07:44:16.090Z] >>> [apiv2][query] GET https://firestore.googleapis.com/v1/projects/project-overman-ee773/databases/(default)/collectionGroups/-/fields?filter=indexConfig.usesAncestorConfig=false OR ttlConfig:* [none]
[debug] [2024-12-06T07:44:16.550Z] <<< [apiv2][status] GET https://firestore.googleapis.com/v1/projects/project-overman-ee773/databases/(default)/collectionGroups/-/indexes 200
[debug] [2024-12-06T07:44:16.550Z] <<< [apiv2][body] GET https://firestore.googleapis.com/v1/projects/project-overman-ee773/databases/(default)/collectionGroups/-/indexes {}
[debug] [2024-12-06T07:44:16.780Z] <<< [apiv2][status] GET https://firestore.googleapis.com/v1/projects/project-overman-ee773/databases/(default)/collectionGroups/-/fields?filter=indexConfig.usesAncestorConfig=false OR ttlConfig:* 200
[debug] [2024-12-06T07:44:16.780Z] <<< [apiv2][body] GET https://firestore.googleapis.com/v1/projects/project-overman-ee773/databases/(default)/collectionGroups/-/fields?filter=indexConfig.usesAncestorConfig=false OR ttlConfig:* {"fields":[{"name":"projects/project-overman-ee773/databases/(default)/collectionGroups/__default__/fields/*","indexConfig":{"indexes":[{"queryScope":"COLLECTION","fields":[{"fieldPath":"*","order":"ASCENDING"}],"state":"READY"},{"queryScope":"COLLECTION","fields":[{"fieldPath":"*","order":"DESCENDING"}],"state":"READY"},{"queryScope":"COLLECTION","fields":[{"fieldPath":"*","arrayConfig":"CONTAINS"}],"state":"READY"}]}}]}
[info] 
=== Genkit Setup
[debug] [2024-12-06T07:44:23.703Z] > command requires scopes: ["email","openid","https://www.googleapis.com/auth/cloudplatformprojects.readonly","https://www.googleapis.com/auth/firebase","https://www.googleapis.com/auth/cloud-platform"]
[debug] [2024-12-06T07:44:23.703Z] > authorizing via signed-in user (ajayforall51@gmail.com)
[debug] [2024-12-06T07:44:23.703Z] [iam] checking project project-overman-ee773 for permissions ["firebase.projects.get"]
[debug] [2024-12-06T07:44:23.703Z] Checked if tokens are valid: true, expires at: 1733474103006
[debug] [2024-12-06T07:44:23.703Z] Checked if tokens are valid: true, expires at: 1733474103006
[debug] [2024-12-06T07:44:23.703Z] >>> [apiv2][query] POST https://cloudresourcemanager.googleapis.com/v1/projects/project-overman-ee773:testIamPermissions [none]
[debug] [2024-12-06T07:44:23.703Z] >>> [apiv2][(partial)header] POST https://cloudresourcemanager.googleapis.com/v1/projects/project-overman-ee773:testIamPermissions x-goog-quota-user=projects/project-overman-ee773
[debug] [2024-12-06T07:44:23.703Z] >>> [apiv2][body] POST https://cloudresourcemanager.googleapis.com/v1/projects/project-overman-ee773:testIamPermissions {"permissions":["firebase.projects.get"]}
[debug] [2024-12-06T07:44:25.292Z] <<< [apiv2][status] POST https://cloudresourcemanager.googleapis.com/v1/projects/project-overman-ee773:testIamPermissions 200
[debug] [2024-12-06T07:44:25.292Z] <<< [apiv2][body] POST https://cloudresourcemanager.googleapis.com/v1/projects/project-overman-ee773:testIamPermissions {"permissions":["firebase.projects.get"]}
[debug] [2024-12-06T07:44:25.293Z] Checked if tokens are valid: true, expires at: 1733474103006
[debug] [2024-12-06T07:44:25.293Z] Checked if tokens are valid: true, expires at: 1733474103006
[debug] [2024-12-06T07:44:25.293Z] Checked if tokens are valid: true, expires at: 1733474103006
[debug] [2024-12-06T07:44:25.293Z] Checked if tokens are valid: true, expires at: 1733474103006
[debug] [2024-12-06T07:44:25.293Z] >>> [apiv2][query] GET https://serviceusage.googleapis.com/v1/projects/project-overman-ee773/services/cloudfunctions.googleapis.com [none]
[debug] [2024-12-06T07:44:25.293Z] >>> [apiv2][(partial)header] GET https://serviceusage.googleapis.com/v1/projects/project-overman-ee773/services/cloudfunctions.googleapis.com x-goog-quota-user=projects/project-overman-ee773
[debug] [2024-12-06T07:44:25.295Z] >>> [apiv2][query] GET https://serviceusage.googleapis.com/v1/projects/project-overman-ee773/services/runtimeconfig.googleapis.com [none]
[debug] [2024-12-06T07:44:25.295Z] >>> [apiv2][(partial)header] GET https://serviceusage.googleapis.com/v1/projects/project-overman-ee773/services/runtimeconfig.googleapis.com x-goog-quota-user=projects/project-overman-ee773
[debug] [2024-12-06T07:44:27.179Z] <<< [apiv2][status] GET https://serviceusage.googleapis.com/v1/projects/project-overman-ee773/services/runtimeconfig.googleapis.com 200
[debug] [2024-12-06T07:44:27.179Z] <<< [apiv2][body] GET https://serviceusage.googleapis.com/v1/projects/project-overman-ee773/services/runtimeconfig.googleapis.com [omitted]
[debug] [2024-12-06T07:44:27.196Z] <<< [apiv2][status] GET https://serviceusage.googleapis.com/v1/projects/project-overman-ee773/services/cloudfunctions.googleapis.com 200
[debug] [2024-12-06T07:44:27.196Z] <<< [apiv2][body] GET https://serviceusage.googleapis.com/v1/projects/project-overman-ee773/services/cloudfunctions.googleapis.com [omitted]
[debug] [2024-12-06T07:44:27.197Z] Checked if tokens are valid: true, expires at: 1733474103006
[debug] [2024-12-06T07:44:27.197Z] Checked if tokens are valid: true, expires at: 1733474103006
[debug] [2024-12-06T07:44:27.197Z] >>> [apiv2][query] POST https://serviceusage.googleapis.com/v1/projects/project-overman-ee773/services/cloudfunctions.googleapis.com:enable [none]
[debug] [2024-12-06T07:44:27.197Z] >>> [apiv2][(partial)header] POST https://serviceusage.googleapis.com/v1/projects/project-overman-ee773/services/cloudfunctions.googleapis.com:enable x-goog-quota-user=projects/project-overman-ee773
[debug] [2024-12-06T07:44:27.785Z] <<< [apiv2][status] POST https://serviceusage.googleapis.com/v1/projects/project-overman-ee773/services/cloudfunctions.googleapis.com:enable 200
[debug] [2024-12-06T07:44:27.785Z] <<< [apiv2][body] POST https://serviceusage.googleapis.com/v1/projects/project-overman-ee773/services/cloudfunctions.googleapis.com:enable [omitted]
[debug] [2024-12-06T07:44:37.799Z] Checked if tokens are valid: true, expires at: 1733474103006
[debug] [2024-12-06T07:44:37.799Z] Checked if tokens are valid: true, expires at: 1733474103006
[debug] [2024-12-06T07:44:37.799Z] >>> [apiv2][query] GET https://serviceusage.googleapis.com/v1/projects/project-overman-ee773/services/cloudfunctions.googleapis.com [none]
[debug] [2024-12-06T07:44:37.800Z] >>> [apiv2][(partial)header] GET https://serviceusage.googleapis.com/v1/projects/project-overman-ee773/services/cloudfunctions.googleapis.com x-goog-quota-user=projects/project-overman-ee773
[debug] [2024-12-06T07:44:39.753Z] <<< [apiv2][status] GET https://serviceusage.googleapis.com/v1/projects/project-overman-ee773/services/cloudfunctions.googleapis.com 200
[debug] [2024-12-06T07:44:39.755Z] <<< [apiv2][body] GET https://serviceusage.googleapis.com/v1/projects/project-overman-ee773/services/cloudfunctions.googleapis.com [omitted]
[info] Let's create a new codebase for your functions.
[info] A directory corresponding to the codebase will be created in your project
[info] with sample code pre-configured.

[info] See https://firebase.google.com/docs/functions/organize-functions for
[info] more information on organizing your functions using codebases.

[info] Functions can be deployed with firebase deploy.

[info] +  Wrote functions/package.json 
[info] +  Wrote functions/.eslintrc.js 
[info] +  Wrote functions/tsconfig.json 
[info] +  Wrote functions/tsconfig.dev.json 
[info] +  Wrote functions/src/index.ts 
[info] +  Wrote functions/.gitignore 
[info] 
[info] i  genkit: Installing Genkit CLI version 0.9.7
 
[info] i  genkit: Installing NPM packages for genkit 
[info] +  genkit: Successfully installed NPM packages 
[info] i  genkit: Updating tsconfig.json 
[info] +  genkit: Successfully updated tsconfig.json 
[info] i  genkit: Updating package.json 
[info] +  genkit: Successfully updated package.json 
[info] i  genkit: Generating sample file 
[info] +  genkit: Successfully generated sample file (src/genkit-sample.ts) 
[info] Start the Genkit developer experience by running:
[info]     cd functions && npm run genkit:start
[info] 
=== Functions Setup
[debug] [2024-12-06T07:48:40.255Z] > command requires scopes: ["email","openid","https://www.googleapis.com/auth/cloudplatformprojects.readonly","https://www.googleapis.com/auth/firebase","https://www.googleapis.com/auth/cloud-platform"]
[debug] [2024-12-06T07:48:40.256Z] > authorizing via signed-in user (ajayforall51@gmail.com)
[debug] [2024-12-06T07:48:40.257Z] [iam] checking project project-overman-ee773 for permissions ["firebase.projects.get"]
[debug] [2024-12-06T07:48:40.259Z] Checked if tokens are valid: true, expires at: 1733474103006
[debug] [2024-12-06T07:48:40.259Z] Checked if tokens are valid: true, expires at: 1733474103006
[debug] [2024-12-06T07:48:40.259Z] >>> [apiv2][query] POST https://cloudresourcemanager.googleapis.com/v1/projects/project-overman-ee773:testIamPermissions [none]
[debug] [2024-12-06T07:48:40.259Z] >>> [apiv2][(partial)header] POST https://cloudresourcemanager.googleapis.com/v1/projects/project-overman-ee773:testIamPermissions x-goog-quota-user=projects/project-overman-ee773
[debug] [2024-12-06T07:48:40.259Z] >>> [apiv2][body] POST https://cloudresourcemanager.googleapis.com/v1/projects/project-overman-ee773:testIamPermissions {"permissions":["firebase.projects.get"]}
[debug] [2024-12-06T07:48:40.671Z] <<< [apiv2][status] POST https://cloudresourcemanager.googleapis.com/v1/projects/project-overman-ee773:testIamPermissions 200
[debug] [2024-12-06T07:48:40.671Z] <<< [apiv2][body] POST https://cloudresourcemanager.googleapis.com/v1/projects/project-overman-ee773:testIamPermissions {"permissions":["firebase.projects.get"]}
[debug] [2024-12-06T07:48:40.673Z] Checked if tokens are valid: true, expires at: 1733474103006
[debug] [2024-12-06T07:48:40.673Z] Checked if tokens are valid: true, expires at: 1733474103006
[debug] [2024-12-06T07:48:40.673Z] Checked if tokens are valid: true, expires at: 1733474103006
[debug] [2024-12-06T07:48:40.673Z] Checked if tokens are valid: true, expires at: 1733474103006
[debug] [2024-12-06T07:48:40.674Z] >>> [apiv2][query] GET https://serviceusage.googleapis.com/v1/projects/project-overman-ee773/services/cloudfunctions.googleapis.com [none]
[debug] [2024-12-06T07:48:40.674Z] >>> [apiv2][(partial)header] GET https://serviceusage.googleapis.com/v1/projects/project-overman-ee773/services/cloudfunctions.googleapis.com x-goog-quota-user=projects/project-overman-ee773
[debug] [2024-12-06T07:48:40.676Z] >>> [apiv2][query] GET https://serviceusage.googleapis.com/v1/projects/project-overman-ee773/services/runtimeconfig.googleapis.com [none]
[debug] [2024-12-06T07:48:40.676Z] >>> [apiv2][(partial)header] GET https://serviceusage.googleapis.com/v1/projects/project-overman-ee773/services/runtimeconfig.googleapis.com x-goog-quota-user=projects/project-overman-ee773
[debug] [2024-12-06T07:48:42.558Z] <<< [apiv2][status] GET https://serviceusage.googleapis.com/v1/projects/project-overman-ee773/services/runtimeconfig.googleapis.com 200
[debug] [2024-12-06T07:48:42.558Z] <<< [apiv2][body] GET https://serviceusage.googleapis.com/v1/projects/project-overman-ee773/services/runtimeconfig.googleapis.com [omitted]
[debug] [2024-12-06T07:48:42.642Z] <<< [apiv2][status] GET https://serviceusage.googleapis.com/v1/projects/project-overman-ee773/services/cloudfunctions.googleapis.com 200
[debug] [2024-12-06T07:48:42.642Z] <<< [apiv2][body] GET https://serviceusage.googleapis.com/v1/projects/project-overman-ee773/services/cloudfunctions.googleapis.com [omitted]
[info] 
Detected existing codebase(s): default

[info] Let's create a new codebase for your functions.
[info] A directory corresponding to the codebase will be created in your project
[info] with sample code pre-configured.

[info] See https://firebase.google.com/docs/functions/organize-functions for
[info] more information on organizing your functions using codebases.

[info] Functions can be deployed with firebase deploy.

[info] +  Wrote omnifire/package.json 
[info] +  Wrote omnifire/.eslintrc.js 
[info] +  Wrote omnifire/index.js 
[info] +  Wrote omnifire/.gitignore 
[info] 
=== Apphosting Setup
[debug] [2024-12-06T07:50:42.749Z] Checked if tokens are valid: true, expires at: 1733474103006
[debug] [2024-12-06T07:50:42.750Z] Checked if tokens are valid: true, expires at: 1733474103006
[debug] [2024-12-06T07:50:42.750Z] >>> [apiv2][query] GET https://cloudbilling.googleapis.com/v1/projects/project-overman-ee773/billingInfo [none]
[debug] [2024-12-06T07:50:44.333Z] <<< [apiv2][status] GET https://cloudbilling.googleapis.com/v1/projects/project-overman-ee773/billingInfo 200
[debug] [2024-12-06T07:50:44.333Z] <<< [apiv2][body] GET https://cloudbilling.googleapis.com/v1/projects/project-overman-ee773/billingInfo {"name":"projects/project-overman-ee773/billingInfo","projectId":"project-overman-ee773","billingAccountName":"","billingEnabled":false}
[info] i  Writing default settings to apphosting.yaml... 
[info] +  Wrote apphosting.yaml 
[info] +  Create a new App Hosting backend with `firebase apphosting:backends:create` 
[info] 
=== Hosting Setup
[debug] [2024-12-06T07:50:44.361Z] Checked if tokens are valid: true, expires at: 1733474103006
[debug] [2024-12-06T07:50:44.361Z] Checked if tokens are valid: true, expires at: 1733474103006
[debug] [2024-12-06T07:50:44.362Z] >>> [apiv2][query] GET https://firebase.googleapis.com/v1beta1/projects/project-overman-ee773 [none]
[debug] [2024-12-06T07:50:44.975Z] <<< [apiv2][status] GET https://firebase.googleapis.com/v1beta1/projects/project-overman-ee773 200
[debug] [2024-12-06T07:50:44.975Z] <<< [apiv2][body] GET https://firebase.googleapis.com/v1beta1/projects/project-overman-ee773 {"projectId":"project-overman-ee773","projectNumber":"402227389844","displayName":"Project-overman","name":"projects/project-overman-ee773","resources":{"hostingSite":"project-overman-ee773"},"state":"ACTIVE","etag":"1_0ea3f3a1-ef9a-431b-9c3a-655a5143ec62"}
[info] 
[info] Your public directory is the folder (relative to your project directory) that
[info] will contain Hosting assets to be uploaded with firebase deploy. If you
[info] have a build process for your assets, use your build's output directory.
[info] 
[info] +  Wrote public/404.html 
[debug] [2024-12-06T07:51:06.782Z] >>> [apiv2][query] GET https://www.gstatic.com/firebasejs/releases.json [none]
[debug] [2024-12-06T07:51:06.952Z] <<< [apiv2][status] GET https://www.gstatic.com/firebasejs/releases.json 200
[debug] [2024-12-06T07:51:06.953Z] <<< [apiv2][body] GET https://www.gstatic.com/firebasejs/releases.json {"current":{"version":"11.0.2","browserURL":"https://www.gstatic.com/firebasejs/11.0.2/firebase.js","packageURL":"https://www.gstatic.com/firebasejs/11.0.2/firebase.tgz"},"live":{"version":"11.0","browserURL":"https://www.gstatic.com/firebasejs/live/11.0/firebase.js","packageURL":"https://www.gstatic.com/firebasejs/live/11.0/firebase.tgz"},"components":{"analytics":"https://www.gstatic.com/firebasejs/11.0.2/firebase-analytics.js","app":"https://www.gstatic.com/firebasejs/11.0.2/firebase-app.js","app-check":"https://www.gstatic.com/firebasejs/11.0.2/firebase-app-check.js","auth":"https://www.gstatic.com/firebasejs/11.0.2/firebase-auth.js","auth/cordova":"https://www.gstatic.com/firebasejs/11.0.2/firebase-auth/cordova.js","auth/web-extension":"https://www.gstatic.com/firebasejs/11.0.2/firebase-auth/web-extension.js","functions":"https://www.gstatic.com/firebasejs/11.0.2/firebase-functions.js","firestore":"https://www.gstatic.com/firebasejs/11.0.2/firebase-firestore.js","firestore/lite":"https://www.gstatic.com/firebasejs/11.0.2/firebase-firestore/lite.js","installations":"https://www.gstatic.com/firebasejs/11.0.2/firebase-installations.js","storage":"https://www.gstatic.com/firebasejs/11.0.2/firebase-storage.js","performance":"https://www.gstatic.com/firebasejs/11.0.2/firebase-performance.js","remote-config":"https://www.gstatic.com/firebasejs/11.0.2/firebase-remote-config.js","messaging":"https://www.gstatic.com/firebasejs/11.0.2/firebase-messaging.js","messaging/sw":"https://www.gstatic.com/firebasejs/11.0.2/firebase-messaging/sw.js","database":"https://www.gstatic.com/firebasejs/11.0.2/firebase-database.js","vertexai":"https://www.gstatic.com/firebasejs/11.0.2/firebase-vertexai.js","data-connect":"https://www.gstatic.com/firebasejs/11.0.2/firebase-data-connect.js","firestore.memory":"https://www.gstatic.com/firebasejs/11.0.2/firebase-firestore.memory.js"}}
[info] +  Wrote public/index.html 
[info] 
[info] i  Detected a .git folder at D:\project-overman 
[info] i  Authorizing with GitHub to upload your service account to a GitHub repository's secrets store. 
[info] 
[info] Visit this URL on this device to log in:
[info] https://github.com/login/oauth/authorize?client_id=89cf50f02ac6aaed3484&state=411556890&redirect_uri=http%3A%2F%2Flocalhost%3A9005&scope=read%3Auser%20repo%20public_repo
[info] 
[info] Waiting for authentication...
[debug] [2024-12-06T07:51:18.058Z] >>> [apiv2][query] POST https://github.com/login/oauth/access_token [none]
[debug] [2024-12-06T07:51:18.059Z] >>> [apiv2][body] POST https://github.com/login/oauth/access_token [stream]
[debug] [2024-12-06T07:51:18.453Z] <<< [apiv2][status] POST https://github.com/login/oauth/access_token 200
[debug] [2024-12-06T07:51:18.453Z] <<< [apiv2][body] POST https://github.com/login/oauth/access_token {"access_token":"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","token_type":"bearer","scope":"read:user,repo"}
[debug] [2024-12-06T07:51:18.472Z] >>> [apiv2][query] GET https://api.github.com/user [none]
[debug] [2024-12-06T07:51:18.883Z] <<< [apiv2][status] GET https://api.github.com/user 200
[debug] [2024-12-06T07:51:18.884Z] <<< [apiv2][body] GET https://api.github.com/user {"login":"Ajay152005","id":98839960,"node_id":"U_kgDOBeQtmA","avatar_url":"https://avatars.githubusercontent.com/u/98839960?v=4","gravatar_id":"","url":"https://api.github.com/users/Ajay152005","html_url":"https://github.com/Ajay152005","followers_url":"https://api.github.com/users/Ajay152005/followers","following_url":"https://api.github.com/users/Ajay152005/following{/other_user}","gists_url":"https://api.github.com/users/Ajay152005/gists{/gist_id}","starred_url":"https://api.github.com/users/Ajay152005/starred{/owner}{/repo}","subscriptions_url":"https://api.github.com/users/Ajay152005/subscriptions","organizations_url":"https://api.github.com/users/Ajay152005/orgs","repos_url":"https://api.github.com/users/Ajay152005/repos","events_url":"https://api.github.com/users/Ajay152005/events{/privacy}","received_events_url":"https://api.github.com/users/Ajay152005/received_events","type":"User","user_view_type":"private","site_admin":false,"name":null,"company":null,"blog":"","location":null,"email":null,"hireable":null,"bio":null,"twitter_username":null,"notification_email":null,"public_repos":27,"public_gists":0,"followers":0,"following":0,"created_at":"2022-02-01T17:42:37Z","updated_at":"2024-11-27T14:30:46Z","private_gists":0,"total_private_repos":1,"owned_private_repos":1,"disk_usage":34921,"collaborators":0,"two_factor_authentication":false,"plan":{"name":"free","space":976562499,"collaborators":0,"private_repos":10000}}
[info] 
[info] +  Success! Logged into GitHub as Ajay152005 
[info] 
[debug] [2024-12-06T07:53:25.522Z] >>> [apiv2][query] GET https://api.github.com/repos//actions/secrets/public-key type=owner
[debug] [2024-12-06T07:53:25.855Z] <<< [apiv2][status] GET https://api.github.com/repos//actions/secrets/public-key 404
[debug] [2024-12-06T07:53:25.855Z] <<< [apiv2][body] GET https://api.github.com/repos//actions/secrets/public-key {"message":"Not Found","documentation_url":"https://docs.github.com/rest","status":"404"}
[info] 
[info] 
[error] !  The provided authorization cannot be used with this repository. If this repository is in an organization, did you remember to grant access? 
[info] 
[info] i  Action required: Visit this URL to ensure access has been granted to the appropriate organization(s) for the Firebase CLI GitHub OAuth App: 
[info] https://github.com/settings/connections/applications/89cf50f02ac6aaed3484
[info] 
[debug] [2024-12-06T07:53:28.726Z] >>> [apiv2][query] GET https://api.github.com/repos//actions/secrets/public-key type=owner
[debug] [2024-12-06T07:53:28.988Z] <<< [apiv2][status] GET https://api.github.com/repos//actions/secrets/public-key 404
[debug] [2024-12-06T07:53:28.988Z] <<< [apiv2][body] GET https://api.github.com/repos//actions/secrets/public-key {"message":"Not Found","documentation_url":"https://docs.github.com/rest","status":"404"}
[info] 
[info] 
[error] !  The provided authorization cannot be used with this repository. If this repository is in an organization, did you remember to grant access? 
[info] 
[info] i  Action required: Visit this URL to ensure access has been granted to the appropriate organization(s) for the Firebase CLI GitHub OAuth App: 
[info] https://github.com/settings/connections/applications/89cf50f02ac6aaed3484
[info] 
[debug] [2024-12-06T07:53:30.019Z] >>> [apiv2][query] GET https://api.github.com/repos//actions/secrets/public-key type=owner
[debug] [2024-12-06T07:53:30.265Z] <<< [apiv2][status] GET https://api.github.com/repos//actions/secrets/public-key 404
[debug] [2024-12-06T07:53:30.265Z] <<< [apiv2][body] GET https://api.github.com/repos//actions/secrets/public-key {"message":"Not Found","documentation_url":"https://docs.github.com/rest","status":"404"}
[info] 
[info] 
[error] !  The provided authorization cannot be used with this repository. If this repository is in an organization, did you remember to grant access? 
[info] 
[info] i  Action required: Visit this URL to ensure access has been granted to the appropriate organization(s) for the Firebase CLI GitHub OAuth App: 
[info] https://github.com/settings/connections/applications/89cf50f02ac6aaed3484
[info] 
[debug] [2024-12-06T07:53:37.815Z] >>> [apiv2][query] GET https://api.github.com/repos//actions/secrets/public-key type=owner
[debug] [2024-12-06T07:53:38.116Z] <<< [apiv2][status] GET https://api.github.com/repos//actions/secrets/public-key 404
[debug] [2024-12-06T07:53:38.116Z] <<< [apiv2][body] GET https://api.github.com/repos//actions/secrets/public-key {"message":"Not Found","documentation_url":"https://docs.github.com/rest","status":"404"}
[info] 
[info] 
[error] !  The provided authorization cannot be used with this repository. If this repository is in an organization, did you remember to grant access? 
[info] 
[info] i  Action required: Visit this URL to ensure access has been granted to the appropriate organization(s) for the Firebase CLI GitHub OAuth App: 
[info] https://github.com/settings/connections/applications/89cf50f02ac6aaed3484
[info] 
[debug] [2024-12-06T07:59:57.742Z] >>> [apiv2][query] GET https://api.github.com/repos//actions/secrets/public-key type=owner
[debug] [2024-12-06T07:59:58.118Z] <<< [apiv2][status] GET https://api.github.com/repos//actions/secrets/public-key 404
[debug] [2024-12-06T07:59:58.119Z] <<< [apiv2][body] GET https://api.github.com/repos//actions/secrets/public-key {"message":"Not Found","documentation_url":"https://docs.github.com/rest","status":"404"}
[info] 
[info] 
[error] !  The provided authorization cannot be used with this repository. If this repository is in an organization, did you remember to grant access? 
[info] 
[info] i  Action required: Visit this URL to ensure access has been granted to the appropriate organization(s) for the Firebase CLI GitHub OAuth App: 
[info] https://github.com/settings/connections/applications/89cf50f02ac6aaed3484
[info] 
[debug] [2024-12-06T08:00:40.007Z] >>> [apiv2][query] GET https://api.github.com/repos/https://github.com/Ajay152005/project-over.git/actions/secrets/public-key type=owner
[debug] [2024-12-06T08:00:40.363Z] <<< [apiv2][status] GET https://api.github.com/repos/https://github.com/Ajay152005/project-over.git/actions/secrets/public-key 404
[debug] [2024-12-06T08:00:40.364Z] <<< [apiv2][body] GET https://api.github.com/repos/https://github.com/Ajay152005/project-over.git/actions/secrets/public-key {"message":"Not Found","documentation_url":"https://docs.github.com/rest","status":"404"}
[info] 
[info] 
[error] !  The provided authorization cannot be used with this repository. If this repository is in an organization, did you remember to grant access? 
[info] 
[info] i  Action required: Visit this URL to ensure access has been granted to the appropriate organization(s) for the Firebase CLI GitHub OAuth App: 
[info] https://github.com/settings/connections/applications/89cf50f02ac6aaed3484
[info] 
[debug] [2024-12-06T08:01:56.583Z] >>> [apiv2][query] GET https://api.github.com/repos/https://github.com/Ajay152005/project-over.git/actions/secrets/public-key type=owner
[debug] [2024-12-06T08:01:56.976Z] <<< [apiv2][status] GET https://api.github.com/repos/https://github.com/Ajay152005/project-over.git/actions/secrets/public-key 404
[debug] [2024-12-06T08:01:56.976Z] <<< [apiv2][body] GET https://api.github.com/repos/https://github.com/Ajay152005/project-over.git/actions/secrets/public-key {"message":"Not Found","documentation_url":"https://docs.github.com/rest","status":"404"}
[info] 
[info] 
[error] !  The provided authorization cannot be used with this repository. If this repository is in an organization, did you remember to grant access? 
[info] 
[info] i  Action required: Visit this URL to ensure access has been granted to the appropriate organization(s) for the Firebase CLI GitHub OAuth App: 
[info] https://github.com/settings/connections/applications/89cf50f02ac6aaed3484
[info] 
